[ 2018-11-05T15:27:23+08:00 ] 127.0.0.1 /
INFO: [ app_init ] --START--
INFO: Run Behavior\BuildLiteBehavior [ RunTime:0.000010s ]
INFO: [ app_init ] --END-- [ RunTime:0.000404s ]
ERR: 无法加载模块:

[ 2018-11-05T15:35:51+08:00 ] 127.0.0.1 /
INFO: [ app_init ] --START--
INFO: Run Behavior\BuildLiteBehavior [ RunTime:0.000016s ]
INFO: [ app_init ] --END-- [ RunTime:0.000273s ]
ERR: 无法加载模块:Client

[ 2018-11-05T15:35:54+08:00 ] 127.0.0.1 /
INFO: [ app_init ] --START--
INFO: Run Behavior\BuildLiteBehavior [ RunTime:0.000088s ]
INFO: [ app_init ] --END-- [ RunTime:0.000662s ]
ERR: 无法加载模块:Client

[ 2018-11-05T15:36:01+08:00 ] 127.0.0.1 /
INFO: [ app_init ] --START--
INFO: Run Behavior\BuildLiteBehavior [ RunTime:0.000009s ]
INFO: [ app_init ] --END-- [ RunTime:0.000248s ]
ERR: 无法加载模块:Client

[ 2018-11-05T15:36:01+08:00 ] 127.0.0.1 /
INFO: [ app_init ] --START--
INFO: Run Behavior\BuildLiteBehavior [ RunTime:0.000010s ]
INFO: [ app_init ] --END-- [ RunTime:0.000264s ]
ERR: 无法加载模块:Client

[ 2018-11-05T15:36:02+08:00 ] 127.0.0.1 /
INFO: [ app_init ] --START--
INFO: Run Behavior\BuildLiteBehavior [ RunTime:0.000009s ]
INFO: [ app_init ] --END-- [ RunTime:0.000232s ]
ERR: 无法加载模块:Client

[ 2018-11-05T15:36:02+08:00 ] 127.0.0.1 /
INFO: [ app_init ] --START--
INFO: Run Behavior\BuildLiteBehavior [ RunTime:0.000009s ]
INFO: [ app_init ] --END-- [ RunTime:0.000253s ]
ERR: 无法加载模块:Client

[ 2018-11-05T15:36:03+08:00 ] 127.0.0.1 /
INFO: [ app_init ] --START--
INFO: Run Behavior\BuildLiteBehavior [ RunTime:0.000009s ]
INFO: [ app_init ] --END-- [ RunTime:0.000252s ]
ERR: 无法加载模块:Client

[ 2018-11-05T15:36:03+08:00 ] 127.0.0.1 /
INFO: [ app_init ] --START--
INFO: Run Behavior\BuildLiteBehavior [ RunTime:0.000009s ]
INFO: [ app_init ] --END-- [ RunTime:0.000253s ]
ERR: 无法加载模块:Client

[ 2018-11-05T15:36:03+08:00 ] 127.0.0.1 /
INFO: [ app_init ] --START--
INFO: Run Behavior\BuildLiteBehavior [ RunTime:0.000010s ]
INFO: [ app_init ] --END-- [ RunTime:0.000258s ]
ERR: 无法加载模块:Client

[ 2018-11-05T15:36:47+08:00 ] 127.0.0.1 /index.php/Index/index
INFO: [ app_init ] --START--
INFO: Run Behavior\BuildLiteBehavior [ RunTime:0.000015s ]
INFO: [ app_init ] --END-- [ RunTime:0.000517s ]
ERR: 无法加载模块:Index

[ 2018-11-05T15:36:58+08:00 ] 127.0.0.1 /index.php/vendors/bootstrap/dist/css/bootstrap.min.css
INFO: [ app_init ] --START--
INFO: Run Behavior\BuildLiteBehavior [ RunTime:0.000024s ]
INFO: [ app_init ] --END-- [ RunTime:0.000340s ]
ERR: 无法加载模块:Vendors

[ 2018-11-05T15:36:58+08:00 ] 127.0.0.1 /index.php/vendors/bootstrap-daterangepicker/daterangepicker.css
INFO: [ app_init ] --START--
INFO: Run Behavior\BuildLiteBehavior [ RunTime:0.000008s ]
INFO: [ app_init ] --END-- [ RunTime:0.000222s ]
ERR: 无法加载模块:Vendors

[ 2018-11-05T15:36:58+08:00 ] 127.0.0.1 /index.php/build/css/custom.min.css
INFO: [ app_init ] --START--
INFO: Run Behavior\BuildLiteBehavior [ RunTime:0.000009s ]
INFO: [ app_init ] --END-- [ RunTime:0.000287s ]
ERR: 无法加载模块:Build

[ 2018-11-05T15:36:58+08:00 ] 127.0.0.1 /index.php/vendors/jquery/dist/jquery.min.js
INFO: [ app_init ] --START--
INFO: Run Behavior\BuildLiteBehavior [ RunTime:0.000008s ]
INFO: [ app_init ] --END-- [ RunTime:0.000215s ]
ERR: 无法加载模块:Vendors

[ 2018-11-05T15:36:58+08:00 ] 127.0.0.1 /index.php/vendors/bootstrap/dist/js/bootstrap.min.js
INFO: [ app_init ] --START--
INFO: Run Behavior\BuildLiteBehavior [ RunTime:0.000008s ]
INFO: [ app_init ] --END-- [ RunTime:0.000224s ]
ERR: 无法加载模块:Vendors

[ 2018-11-05T15:36:59+08:00 ] 127.0.0.1 /index.php/vendors/fastclick/lib/fastclick.js
INFO: [ app_init ] --START--
INFO: Run Behavior\BuildLiteBehavior [ RunTime:0.000008s ]
INFO: [ app_init ] --END-- [ RunTime:0.000219s ]
ERR: 无法加载模块:Vendors

[ 2018-11-05T15:36:59+08:00 ] 127.0.0.1 /index.php/vendors/nprogress/nprogress.js
INFO: [ app_init ] --START--
INFO: Run Behavior\BuildLiteBehavior [ RunTime:0.000008s ]
INFO: [ app_init ] --END-- [ RunTime:0.000221s ]
ERR: 无法加载模块:Vendors

[ 2018-11-05T15:36:59+08:00 ] 127.0.0.1 /index.php/vendors/Chart.js/dist/Chart.min.js
INFO: [ app_init ] --START--
INFO: Run Behavior\BuildLiteBehavior [ RunTime:0.000047s ]
INFO: [ app_init ] --END-- [ RunTime:0.000609s ]
ERR: 无法加载模块:Vendors

[ 2018-11-05T15:36:59+08:00 ] 127.0.0.1 /index.php/vendors/gauge.js/dist/gauge.min.js
INFO: [ app_init ] --START--
INFO: Run Behavior\BuildLiteBehavior [ RunTime:0.000008s ]
INFO: [ app_init ] --END-- [ RunTime:0.000234s ]
ERR: 无法加载模块:Vendors

[ 2018-11-05T15:36:59+08:00 ] 127.0.0.1 /index.php/vendors/bootstrap-progressbar/bootstrap-progressbar.min.js
INFO: [ app_init ] --START--
INFO: Run Behavior\BuildLiteBehavior [ RunTime:0.000009s ]
INFO: [ app_init ] --END-- [ RunTime:0.000238s ]
ERR: 无法加载模块:Vendors

[ 2018-11-05T15:36:59+08:00 ] 127.0.0.1 /index.php/vendors/iCheck/icheck.min.js
INFO: [ app_init ] --START--
INFO: Run Behavior\BuildLiteBehavior [ RunTime:0.000008s ]
INFO: [ app_init ] --END-- [ RunTime:0.000324s ]
ERR: 无法加载模块:Vendors

[ 2018-11-05T15:36:59+08:00 ] 127.0.0.1 /index.php/vendors/skycons/skycons.js
INFO: [ app_init ] --START--
INFO: Run Behavior\BuildLiteBehavior [ RunTime:0.000008s ]
INFO: [ app_init ] --END-- [ RunTime:0.000221s ]
ERR: 无法加载模块:Vendors

[ 2018-11-05T15:36:59+08:00 ] 127.0.0.1 /index.php/vendors/Flot/jquery.flot.js
INFO: [ app_init ] --START--
INFO: Run Behavior\BuildLiteBehavior [ RunTime:0.000008s ]
INFO: [ app_init ] --END-- [ RunTime:0.000240s ]
ERR: 无法加载模块:Vendors

[ 2018-11-05T15:36:59+08:00 ] 127.0.0.1 /index.php/vendors/Flot/jquery.flot.pie.js
INFO: [ app_init ] --START--
INFO: Run Behavior\BuildLiteBehavior [ RunTime:0.000008s ]
INFO: [ app_init ] --END-- [ RunTime:0.000223s ]
ERR: 无法加载模块:Vendors

[ 2018-11-05T15:36:59+08:00 ] 127.0.0.1 /index.php/vendors/Flot/jquery.flot.time.js
INFO: [ app_init ] --START--
INFO: Run Behavior\BuildLiteBehavior [ RunTime:0.000008s ]
INFO: [ app_init ] --END-- [ RunTime:0.000231s ]
ERR: 无法加载模块:Vendors

[ 2018-11-05T15:36:59+08:00 ] 127.0.0.1 /index.php/vendors/Flot/jquery.flot.stack.js
INFO: [ app_init ] --START--
INFO: Run Behavior\BuildLiteBehavior [ RunTime:0.000007s ]
INFO: [ app_init ] --END-- [ RunTime:0.000222s ]
ERR: 无法加载模块:Vendors

[ 2018-11-05T15:36:59+08:00 ] 127.0.0.1 /index.php/vendors/Flot/jquery.flot.resize.js
INFO: [ app_init ] --START--
INFO: Run Behavior\BuildLiteBehavior [ RunTime:0.000008s ]
INFO: [ app_init ] --END-- [ RunTime:0.000216s ]
ERR: 无法加载模块:Vendors

[ 2018-11-05T15:36:59+08:00 ] 127.0.0.1 /index.php/vendors/flot.orderbars/js/jquery.flot.orderBars.js
INFO: [ app_init ] --START--
INFO: Run Behavior\BuildLiteBehavior [ RunTime:0.000008s ]
INFO: [ app_init ] --END-- [ RunTime:0.000218s ]
ERR: 无法加载模块:Vendors

[ 2018-11-05T15:36:59+08:00 ] 127.0.0.1 /index.php/vendors/flot-spline/js/jquery.flot.spline.min.js
INFO: [ app_init ] --START--
INFO: Run Behavior\BuildLiteBehavior [ RunTime:0.000008s ]
INFO: [ app_init ] --END-- [ RunTime:0.000221s ]
ERR: 无法加载模块:Vendors

[ 2018-11-05T15:36:59+08:00 ] 127.0.0.1 /index.php/vendors/flot.curvedlines/curvedLines.js
INFO: [ app_init ] --START--
INFO: Run Behavior\BuildLiteBehavior [ RunTime:0.000009s ]
INFO: [ app_init ] --END-- [ RunTime:0.000253s ]
ERR: 无法加载模块:Vendors

[ 2018-11-05T15:36:59+08:00 ] 127.0.0.1 /index.php/vendors/DateJS/build/date.js
INFO: [ app_init ] --START--
INFO: Run Behavior\BuildLiteBehavior [ RunTime:0.000008s ]
INFO: [ app_init ] --END-- [ RunTime:0.000268s ]
ERR: 无法加载模块:Vendors

[ 2018-11-05T15:36:59+08:00 ] 127.0.0.1 /index.php/vendors/jqvmap/dist/jquery.vmap.js
INFO: [ app_init ] --START--
INFO: Run Behavior\BuildLiteBehavior [ RunTime:0.000007s ]
INFO: [ app_init ] --END-- [ RunTime:0.000219s ]
ERR: 无法加载模块:Vendors

[ 2018-11-05T15:36:59+08:00 ] 127.0.0.1 /index.php/vendors/jqvmap/dist/maps/jquery.vmap.world.js
INFO: [ app_init ] --START--
INFO: Run Behavior\BuildLiteBehavior [ RunTime:0.000032s ]
INFO: [ app_init ] --END-- [ RunTime:0.000404s ]
ERR: 无法加载模块:Vendors

[ 2018-11-05T15:36:59+08:00 ] 127.0.0.1 /index.php/vendors/jqvmap/examples/js/jquery.vmap.sampledata.js
INFO: [ app_init ] --START--
INFO: Run Behavior\BuildLiteBehavior [ RunTime:0.000007s ]
INFO: [ app_init ] --END-- [ RunTime:0.000222s ]
ERR: 无法加载模块:Vendors

[ 2018-11-05T15:36:59+08:00 ] 127.0.0.1 /index.php/vendors/moment/min/moment.min.js
INFO: [ app_init ] --START--
INFO: Run Behavior\BuildLiteBehavior [ RunTime:0.000009s ]
INFO: [ app_init ] --END-- [ RunTime:0.000278s ]
ERR: 无法加载模块:Vendors

[ 2018-11-05T15:36:59+08:00 ] 127.0.0.1 /index.php/vendors/bootstrap-daterangepicker/daterangepicker.js
INFO: [ app_init ] --START--
INFO: Run Behavior\BuildLiteBehavior [ RunTime:0.000008s ]
INFO: [ app_init ] --END-- [ RunTime:0.000218s ]
ERR: 无法加载模块:Vendors

[ 2018-11-05T15:36:59+08:00 ] 127.0.0.1 /index.php/build/js/custom.min.js
INFO: [ app_init ] --START--
INFO: Run Behavior\BuildLiteBehavior [ RunTime:0.000008s ]
INFO: [ app_init ] --END-- [ RunTime:0.000218s ]
ERR: 无法加载模块:Build

[ 2018-11-05T15:36:59+08:00 ] 127.0.0.1 /index.php/vendors/font-awesome/css/font-awesome.min.css
INFO: [ app_init ] --START--
INFO: Run Behavior\BuildLiteBehavior [ RunTime:0.000032s ]
INFO: [ app_init ] --END-- [ RunTime:0.000944s ]
ERR: 无法加载模块:Vendors

[ 2018-11-05T15:37:00+08:00 ] 127.0.0.1 /index.php/vendors/nprogress/nprogress.css
INFO: [ app_init ] --START--
INFO: Run Behavior\BuildLiteBehavior [ RunTime:0.000008s ]
INFO: [ app_init ] --END-- [ RunTime:0.000312s ]
ERR: 无法加载模块:Vendors

[ 2018-11-05T15:37:02+08:00 ] 127.0.0.1 /index.php/vendors/iCheck/skins/flat/green.css
INFO: [ app_init ] --START--
INFO: Run Behavior\BuildLiteBehavior [ RunTime:0.000009s ]
INFO: [ app_init ] --END-- [ RunTime:0.000308s ]
ERR: 无法加载模块:Vendors

[ 2018-11-05T15:37:02+08:00 ] 127.0.0.1 /index.php/vendors/jqvmap/dist/jqvmap.min.css
INFO: [ app_init ] --START--
INFO: Run Behavior\BuildLiteBehavior [ RunTime:0.000025s ]
INFO: [ app_init ] --END-- [ RunTime:0.000393s ]
ERR: 无法加载模块:Vendors

[ 2018-11-05T15:37:02+08:00 ] 127.0.0.1 /index.php/vendors/bootstrap-progressbar/css/bootstrap-progressbar-3.3.4.min.css
INFO: [ app_init ] --START--
INFO: Run Behavior\BuildLiteBehavior [ RunTime:0.000008s ]
INFO: [ app_init ] --END-- [ RunTime:0.000263s ]
ERR: 无法加载模块:Vendors

[ 2018-11-05T15:37:02+08:00 ] 127.0.0.1 /index.php/vendors/bootstrap/dist/js/bootstrap.min.js
INFO: [ app_init ] --START--
INFO: Run Behavior\BuildLiteBehavior [ RunTime:0.000024s ]
INFO: [ app_init ] --END-- [ RunTime:0.000264s ]
ERR: 无法加载模块:Vendors

[ 2018-11-05T15:37:02+08:00 ] 127.0.0.1 /index.php/vendors/fastclick/lib/fastclick.js
INFO: [ app_init ] --START--
INFO: Run Behavior\BuildLiteBehavior [ RunTime:0.000009s ]
INFO: [ app_init ] --END-- [ RunTime:0.000345s ]
ERR: 无法加载模块:Vendors

[ 2018-11-05T15:37:02+08:00 ] 127.0.0.1 /index.php/vendors/nprogress/nprogress.js
INFO: [ app_init ] --START--
INFO: Run Behavior\BuildLiteBehavior [ RunTime:0.000010s ]
INFO: [ app_init ] --END-- [ RunTime:0.000354s ]
ERR: 无法加载模块:Vendors

[ 2018-11-05T15:37:02+08:00 ] 127.0.0.1 /index.php/vendors/Chart.js/dist/Chart.min.js
INFO: [ app_init ] --START--
INFO: Run Behavior\BuildLiteBehavior [ RunTime:0.000009s ]
INFO: [ app_init ] --END-- [ RunTime:0.000231s ]
ERR: 无法加载模块:Vendors

[ 2018-11-05T15:37:02+08:00 ] 127.0.0.1 /index.php/vendors/gauge.js/dist/gauge.min.js
INFO: [ app_init ] --START--
INFO: Run Behavior\BuildLiteBehavior [ RunTime:0.000009s ]
INFO: [ app_init ] --END-- [ RunTime:0.000252s ]
ERR: 无法加载模块:Vendors

[ 2018-11-05T15:37:02+08:00 ] 127.0.0.1 /index.php/vendors/bootstrap-progressbar/bootstrap-progressbar.min.js
INFO: [ app_init ] --START--
INFO: Run Behavior\BuildLiteBehavior [ RunTime:0.000008s ]
INFO: [ app_init ] --END-- [ RunTime:0.000258s ]
ERR: 无法加载模块:Vendors

[ 2018-11-05T15:37:02+08:00 ] 127.0.0.1 /index.php/vendors/iCheck/icheck.min.js
INFO: [ app_init ] --START--
INFO: Run Behavior\BuildLiteBehavior [ RunTime:0.000007s ]
INFO: [ app_init ] --END-- [ RunTime:0.000218s ]
ERR: 无法加载模块:Vendors

[ 2018-11-05T15:37:02+08:00 ] 127.0.0.1 /index.php/vendors/skycons/skycons.js
INFO: [ app_init ] --START--
INFO: Run Behavior\BuildLiteBehavior [ RunTime:0.000009s ]
INFO: [ app_init ] --END-- [ RunTime:0.000256s ]
ERR: 无法加载模块:Vendors

[ 2018-11-05T15:37:02+08:00 ] 127.0.0.1 /index.php/vendors/Flot/jquery.flot.js
INFO: [ app_init ] --START--
INFO: Run Behavior\BuildLiteBehavior [ RunTime:0.000008s ]
INFO: [ app_init ] --END-- [ RunTime:0.000231s ]
ERR: 无法加载模块:Vendors

[ 2018-11-05T15:37:02+08:00 ] 127.0.0.1 /index.php/vendors/Flot/jquery.flot.pie.js
INFO: [ app_init ] --START--
INFO: Run Behavior\BuildLiteBehavior [ RunTime:0.000058s ]
INFO: [ app_init ] --END-- [ RunTime:0.000405s ]
ERR: 无法加载模块:Vendors

[ 2018-11-05T15:37:02+08:00 ] 127.0.0.1 /index.php/vendors/Flot/jquery.flot.time.js
INFO: [ app_init ] --START--
INFO: Run Behavior\BuildLiteBehavior [ RunTime:0.000008s ]
INFO: [ app_init ] --END-- [ RunTime:0.000334s ]
ERR: 无法加载模块:Vendors

[ 2018-11-05T15:37:02+08:00 ] 127.0.0.1 /index.php/vendors/Flot/jquery.flot.stack.js
INFO: [ app_init ] --START--
INFO: Run Behavior\BuildLiteBehavior [ RunTime:0.000008s ]
INFO: [ app_init ] --END-- [ RunTime:0.000223s ]
ERR: 无法加载模块:Vendors

[ 2018-11-05T15:37:02+08:00 ] 127.0.0.1 /index.php/vendors/Flot/jquery.flot.resize.js
INFO: [ app_init ] --START--
INFO: Run Behavior\BuildLiteBehavior [ RunTime:0.000007s ]
INFO: [ app_init ] --END-- [ RunTime:0.000220s ]
ERR: 无法加载模块:Vendors

[ 2018-11-05T15:37:02+08:00 ] 127.0.0.1 /index.php/vendors/flot.orderbars/js/jquery.flot.orderBars.js
INFO: [ app_init ] --START--
INFO: Run Behavior\BuildLiteBehavior [ RunTime:0.000008s ]
INFO: [ app_init ] --END-- [ RunTime:0.000247s ]
ERR: 无法加载模块:Vendors

[ 2018-11-05T15:37:02+08:00 ] 127.0.0.1 /index.php/vendors/flot-spline/js/jquery.flot.spline.min.js
INFO: [ app_init ] --START--
INFO: Run Behavior\BuildLiteBehavior [ RunTime:0.000009s ]
INFO: [ app_init ] --END-- [ RunTime:0.000241s ]
ERR: 无法加载模块:Vendors

[ 2018-11-05T15:37:02+08:00 ] 127.0.0.1 /index.php/vendors/flot.curvedlines/curvedLines.js
INFO: [ app_init ] --START--
INFO: Run Behavior\BuildLiteBehavior [ RunTime:0.000009s ]
INFO: [ app_init ] --END-- [ RunTime:0.000264s ]
ERR: 无法加载模块:Vendors

[ 2018-11-05T15:37:02+08:00 ] 127.0.0.1 /index.php/vendors/DateJS/build/date.js
INFO: [ app_init ] --START--
INFO: Run Behavior\BuildLiteBehavior [ RunTime:0.000008s ]
INFO: [ app_init ] --END-- [ RunTime:0.000221s ]
ERR: 无法加载模块:Vendors

[ 2018-11-05T15:37:02+08:00 ] 127.0.0.1 /index.php/vendors/jqvmap/dist/jquery.vmap.js
INFO: [ app_init ] --START--
INFO: Run Behavior\BuildLiteBehavior [ RunTime:0.000008s ]
INFO: [ app_init ] --END-- [ RunTime:0.000221s ]
ERR: 无法加载模块:Vendors

[ 2018-11-05T15:37:02+08:00 ] 127.0.0.1 /index.php/vendors/jqvmap/dist/maps/jquery.vmap.world.js
INFO: [ app_init ] --START--
INFO: Run Behavior\BuildLiteBehavior [ RunTime:0.000008s ]
INFO: [ app_init ] --END-- [ RunTime:0.000230s ]
ERR: 无法加载模块:Vendors

[ 2018-11-05T15:37:02+08:00 ] 127.0.0.1 /index.php/vendors/jqvmap/examples/js/jquery.vmap.sampledata.js
INFO: [ app_init ] --START--
INFO: Run Behavior\BuildLiteBehavior [ RunTime:0.000008s ]
INFO: [ app_init ] --END-- [ RunTime:0.000226s ]
ERR: 无法加载模块:Vendors

[ 2018-11-05T15:37:02+08:00 ] 127.0.0.1 /index.php/vendors/moment/min/moment.min.js
INFO: [ app_init ] --START--
INFO: Run Behavior\BuildLiteBehavior [ RunTime:0.000008s ]
INFO: [ app_init ] --END-- [ RunTime:0.000224s ]
ERR: 无法加载模块:Vendors

[ 2018-11-05T15:37:02+08:00 ] 127.0.0.1 /index.php/vendors/bootstrap-daterangepicker/daterangepicker.js
INFO: [ app_init ] --START--
INFO: Run Behavior\BuildLiteBehavior [ RunTime:0.000007s ]
INFO: [ app_init ] --END-- [ RunTime:0.000257s ]
ERR: 无法加载模块:Vendors

[ 2018-11-05T15:37:02+08:00 ] 127.0.0.1 /index.php/build/js/custom.min.js
INFO: [ app_init ] --START--
INFO: Run Behavior\BuildLiteBehavior [ RunTime:0.000008s ]
INFO: [ app_init ] --END-- [ RunTime:0.000247s ]
ERR: 无法加载模块:Build

[ 2018-11-05T15:37:58+08:00 ] 127.0.0.1 /build/css/custom.min.css
INFO: [ app_init ] --START--
INFO: Run Behavior\BuildLiteBehavior [ RunTime:0.000010s ]
INFO: [ app_init ] --END-- [ RunTime:0.000278s ]
ERR: 无法加载模块:Build

[ 2018-11-05T15:37:58+08:00 ] 127.0.0.1 /build/js/custom.min.js
INFO: [ app_init ] --START--
INFO: Run Behavior\BuildLiteBehavior [ RunTime:0.000009s ]
INFO: [ app_init ] --END-- [ RunTime:0.000265s ]
ERR: 无法加载模块:Build

[ 2018-11-05T15:37:58+08:00 ] 127.0.0.1 /index.php/images/img.jpg
INFO: [ app_init ] --START--
INFO: Run Behavior\BuildLiteBehavior [ RunTime:0.000008s ]
INFO: [ app_init ] --END-- [ RunTime:0.000274s ]
ERR: 无法加载模块:Images

[ 2018-11-05T15:37:58+08:00 ] 127.0.0.1 /build/js/custom.min.js
INFO: [ app_init ] --START--
INFO: Run Behavior\BuildLiteBehavior [ RunTime:0.000011s ]
INFO: [ app_init ] --END-- [ RunTime:0.000262s ]
ERR: 无法加载模块:Build

[ 2018-11-05T15:38:28+08:00 ] 127.0.0.1 /index.php/images/img.jpg
INFO: [ app_init ] --START--
INFO: Run Behavior\BuildLiteBehavior [ RunTime:0.000009s ]
INFO: [ app_init ] --END-- [ RunTime:0.000229s ]
ERR: 无法加载模块:Images

[ 2018-11-05T15:38:29+08:00 ] 127.0.0.1 /index.php/images/img.jpg
INFO: [ app_init ] --START--
INFO: Run Behavior\BuildLiteBehavior [ RunTime:0.000008s ]
INFO: [ app_init ] --END-- [ RunTime:0.000231s ]
ERR: 无法加载模块:Images

[ 2018-11-05T15:38:49+08:00 ] 127.0.0.1 /build/css/custom.min.css
INFO: [ app_init ] --START--
INFO: Run Behavior\BuildLiteBehavior [ RunTime:0.000010s ]
INFO: [ app_init ] --END-- [ RunTime:0.000366s ]
ERR: 无法加载模块:Build

[ 2018-11-05T15:38:49+08:00 ] 127.0.0.1 /build/js/custom.min.js
INFO: [ app_init ] --START--
INFO: Run Behavior\BuildLiteBehavior [ RunTime:0.000009s ]
INFO: [ app_init ] --END-- [ RunTime:0.000226s ]
ERR: 无法加载模块:Build

[ 2018-11-05T15:38:49+08:00 ] 127.0.0.1 /images/img.jpg
INFO: [ app_init ] --START--
INFO: Run Behavior\BuildLiteBehavior [ RunTime:0.000009s ]
INFO: [ app_init ] --END-- [ RunTime:0.000430s ]
ERR: 无法加载模块:Images

[ 2018-11-05T15:38:56+08:00 ] 127.0.0.1 /build/css/custom.min.css
INFO: [ app_init ] --START--
INFO: Run Behavior\BuildLiteBehavior [ RunTime:0.000033s ]
INFO: [ app_init ] --END-- [ RunTime:0.000245s ]
ERR: 无法加载模块:Build

[ 2018-11-05T15:38:57+08:00 ] 127.0.0.1 /build/js/custom.min.js
INFO: [ app_init ] --START--
INFO: Run Behavior\BuildLiteBehavior [ RunTime:0.000009s ]
INFO: [ app_init ] --END-- [ RunTime:0.000278s ]
ERR: 无法加载模块:Build

[ 2018-11-05T15:38:57+08:00 ] 127.0.0.1 /images/img.jpg
INFO: [ app_init ] --START--
INFO: Run Behavior\BuildLiteBehavior [ RunTime:0.000010s ]
INFO: [ app_init ] --END-- [ RunTime:0.000304s ]
ERR: 无法加载模块:Images

[ 2018-11-05T15:38:57+08:00 ] 127.0.0.1 /build/js/custom.min.js
INFO: [ app_init ] --START--
INFO: Run Behavior\BuildLiteBehavior [ RunTime:0.000008s ]
INFO: [ app_init ] --END-- [ RunTime:0.000220s ]
ERR: 无法加载模块:Build

[ 2018-11-05T15:39:32+08:00 ] 127.0.0.1 /build/css/custom.min.css
INFO: [ app_init ] --START--
INFO: Run Behavior\BuildLiteBehavior [ RunTime:0.000007s ]
INFO: [ app_init ] --END-- [ RunTime:0.000219s ]
ERR: 无法加载模块:Build

[ 2018-11-05T15:39:32+08:00 ] 127.0.0.1 /build/js/custom.min.js
INFO: [ app_init ] --START--
INFO: Run Behavior\BuildLiteBehavior [ RunTime:0.000010s ]
INFO: [ app_init ] --END-- [ RunTime:0.000245s ]
ERR: 无法加载模块:Build

[ 2018-11-05T15:39:32+08:00 ] 127.0.0.1 /images/img.jpg
INFO: [ app_init ] --START--
INFO: Run Behavior\BuildLiteBehavior [ RunTime:0.000013s ]
INFO: [ app_init ] --END-- [ RunTime:0.000317s ]
ERR: 无法加载模块:Images

[ 2018-11-05T15:39:32+08:00 ] 127.0.0.1 /build/js/custom.min.js
INFO: [ app_init ] --START--
INFO: Run Behavior\BuildLiteBehavior [ RunTime:0.000008s ]
INFO: [ app_init ] --END-- [ RunTime:0.000220s ]
ERR: 无法加载模块:Build

[ 2018-11-05T15:40:57+08:00 ] 127.0.0.1 /vendors/DateJS/Public/date.js
INFO: [ app_init ] --START--
INFO: Run Behavior\BuildLiteBehavior [ RunTime:0.000009s ]
INFO: [ app_init ] --END-- [ RunTime:0.000259s ]
ERR: 无法加载模块:Vendors

[ 2018-11-05T15:40:57+08:00 ] 127.0.0.1 /vendors/DateJS/Public/date.js
INFO: [ app_init ] --START--
INFO: Run Behavior\BuildLiteBehavior [ RunTime:0.000008s ]
INFO: [ app_init ] --END-- [ RunTime:0.000220s ]
ERR: 无法加载模块:Vendors

