[ 2018-11-06T22:11:01+08:00 ] 127.0.0.1 /vendors/DateJS/Public/date.js
INFO: [ app_init ] --START--
INFO: Run Behavior\BuildLiteBehavior [ RunTime:0.000010s ]
INFO: [ app_init ] --END-- [ RunTime:0.000268s ]
ERR: 无法加载模块:Vendors

[ 2018-11-06T22:11:01+08:00 ] 127.0.0.1 /vendors/DateJS/Public/date.js
INFO: [ app_init ] --START--
INFO: Run Behavior\BuildLiteBehavior [ RunTime:0.000021s ]
INFO: [ app_init ] --END-- [ RunTime:0.000396s ]
ERR: 无法加载模块:Vendors

[ 2018-11-06T22:11:02+08:00 ] 127.0.0.1 /images/img.jpg
INFO: [ app_init ] --START--
INFO: Run Behavior\BuildLiteBehavior [ RunTime:0.000014s ]
INFO: [ app_init ] --END-- [ RunTime:0.000410s ]
ERR: 无法加载模块:Images

[ 2018-11-06T22:11:02+08:00 ] 127.0.0.1 /favicon.ico
INFO: [ app_init ] --START--
INFO: Run Behavior\BuildLiteBehavior [ RunTime:0.000008s ]
INFO: [ app_init ] --END-- [ RunTime:0.000245s ]
ERR: 无法加载模块:Favicon

[ 2018-11-06T22:14:57+08:00 ] 127.0.0.1 /Public/js/popper.min.js.map
INFO: [ app_init ] --START--
INFO: Run Behavior\BuildLiteBehavior [ RunTime:0.000010s ]
INFO: [ app_init ] --END-- [ RunTime:0.000280s ]
ERR: 无法加载模块:Public

[ 2018-11-06T22:14:58+08:00 ] 127.0.0.1 /Public/js/bootstrap.min.js.map
INFO: [ app_init ] --START--
INFO: Run Behavior\BuildLiteBehavior [ RunTime:0.000023s ]
INFO: [ app_init ] --END-- [ RunTime:0.000666s ]
ERR: 无法加载模块:Public

[ 2018-11-06T22:14:58+08:00 ] 127.0.0.1 /Public/css/bootstrap.min.css.map
INFO: [ app_init ] --START--
INFO: Run Behavior\BuildLiteBehavior [ RunTime:0.000009s ]
INFO: [ app_init ] --END-- [ RunTime:0.000269s ]
ERR: 无法加载模块:Public

[ 2018-11-06T22:14:58+08:00 ] 127.0.0.1 /Public/css/classy-nav.css.map
INFO: [ app_init ] --START--
INFO: Run Behavior\BuildLiteBehavior [ RunTime:0.000009s ]
INFO: [ app_init ] --END-- [ RunTime:0.000342s ]
ERR: 无法加载模块:Public

[ 2018-11-06T22:15:00+08:00 ] 127.0.0.1 /Public/style.css.map
INFO: [ app_init ] --START--
INFO: Run Behavior\BuildLiteBehavior [ RunTime:0.000010s ]
INFO: [ app_init ] --END-- [ RunTime:0.000318s ]
ERR: 无法加载模块:Public

[ 2018-11-06T22:15:00+08:00 ] 127.0.0.1 /Public/js/jquery.sticky.min.js.map
INFO: [ app_init ] --START--
INFO: Run Behavior\BuildLiteBehavior [ RunTime:0.000009s ]
INFO: [ app_init ] --END-- [ RunTime:0.000328s ]
ERR: 无法加载模块:Public

[ 2018-11-06T22:15:04+08:00 ] 127.0.0.1 /vendors/DateJS/Public/date.js
INFO: [ app_init ] --START--
INFO: Run Behavior\BuildLiteBehavior [ RunTime:0.000010s ]
INFO: [ app_init ] --END-- [ RunTime:0.000253s ]
ERR: 无法加载模块:Vendors

[ 2018-11-06T22:15:04+08:00 ] 127.0.0.1 /vendors/DateJS/Public/date.js
INFO: [ app_init ] --START--
INFO: Run Behavior\BuildLiteBehavior [ RunTime:0.000039s ]
INFO: [ app_init ] --END-- [ RunTime:0.000527s ]
ERR: 无法加载模块:Vendors

[ 2018-11-06T22:21:27+08:00 ] 127.0.0.1 /Public/admin/admin/css/custom.min.css
INFO: [ app_init ] --START--
INFO: Run Behavior\BuildLiteBehavior [ RunTime:0.000012s ]
INFO: [ app_init ] --END-- [ RunTime:0.000299s ]
ERR: 无法加载模块:Public

[ 2018-11-06T22:21:27+08:00 ] 127.0.0.1 /Public/admin/js/custom.min.js
INFO: [ app_init ] --START--
INFO: Run Behavior\BuildLiteBehavior [ RunTime:0.000009s ]
INFO: [ app_init ] --END-- [ RunTime:0.000286s ]
ERR: 无法加载模块:Public

[ 2018-11-06T22:21:30+08:00 ] 127.0.0.1 /Public/admin/js/custom.min.js
INFO: [ app_init ] --START--
INFO: Run Behavior\BuildLiteBehavior [ RunTime:0.000008s ]
INFO: [ app_init ] --END-- [ RunTime:0.000240s ]
ERR: 无法加载模块:Public

[ 2018-11-06T22:21:32+08:00 ] 127.0.0.1 /Public/admin/admin/css/custom.min.css
INFO: [ app_init ] --START--
INFO: Run Behavior\BuildLiteBehavior [ RunTime:0.000010s ]
INFO: [ app_init ] --END-- [ RunTime:0.000238s ]
ERR: 无法加载模块:Public

[ 2018-11-06T22:21:32+08:00 ] 127.0.0.1 /Public/admin/js/custom.min.js
INFO: [ app_init ] --START--
INFO: Run Behavior\BuildLiteBehavior [ RunTime:0.000011s ]
INFO: [ app_init ] --END-- [ RunTime:0.000396s ]
ERR: 无法加载模块:Public

[ 2018-11-06T22:21:34+08:00 ] 127.0.0.1 /Public/admin/js/custom.min.js
INFO: [ app_init ] --START--
INFO: Run Behavior\BuildLiteBehavior [ RunTime:0.000009s ]
INFO: [ app_init ] --END-- [ RunTime:0.000241s ]
ERR: 无法加载模块:Public

[ 2018-11-06T22:22:11+08:00 ] 127.0.0.1 /Public/admin/admin/css/custom.min.css
INFO: [ app_init ] --START--
INFO: Run Behavior\BuildLiteBehavior [ RunTime:0.000010s ]
INFO: [ app_init ] --END-- [ RunTime:0.000275s ]
ERR: 无法加载模块:Public

[ 2018-11-06T22:22:11+08:00 ] 127.0.0.1 /Public/admin/js/custom.min.js
INFO: [ app_init ] --START--
INFO: Run Behavior\BuildLiteBehavior [ RunTime:0.000009s ]
INFO: [ app_init ] --END-- [ RunTime:0.000248s ]
ERR: 无法加载模块:Public

[ 2018-11-06T22:22:12+08:00 ] 127.0.0.1 /Public/admin/js/custom.min.js
INFO: [ app_init ] --START--
INFO: Run Behavior\BuildLiteBehavior [ RunTime:0.000010s ]
INFO: [ app_init ] --END-- [ RunTime:0.000260s ]
ERR: 无法加载模块:Public

[ 2018-11-06T22:23:12+08:00 ] 127.0.0.1 /Public/admin/admin/css/custom.min.css
INFO: [ app_init ] --START--
INFO: Run Behavior\BuildLiteBehavior [ RunTime:0.000009s ]
INFO: [ app_init ] --END-- [ RunTime:0.000239s ]
ERR: 无法加载模块:Public

[ 2018-11-06T22:23:13+08:00 ] 127.0.0.1 /Public/admin/js/custom.min.js
INFO: [ app_init ] --START--
INFO: Run Behavior\BuildLiteBehavior [ RunTime:0.000009s ]
INFO: [ app_init ] --END-- [ RunTime:0.000249s ]
ERR: 无法加载模块:Public

[ 2018-11-06T22:23:14+08:00 ] 127.0.0.1 /Public/admin/js/custom.min.js
INFO: [ app_init ] --START--
INFO: Run Behavior\BuildLiteBehavior [ RunTime:0.000010s ]
INFO: [ app_init ] --END-- [ RunTime:0.000347s ]
ERR: 无法加载模块:Public

[ 2018-11-06T22:24:03+08:00 ] 127.0.0.1 /Public/admin/admin/css/custom.min.css
INFO: [ app_init ] --START--
INFO: Run Behavior\BuildLiteBehavior [ RunTime:0.000010s ]
INFO: [ app_init ] --END-- [ RunTime:0.000256s ]
ERR: 无法加载模块:Public

[ 2018-11-06T22:24:03+08:00 ] 127.0.0.1 /vendors/DateJS/Public/admin/admin/date.js
INFO: [ app_init ] --START--
INFO: Run Behavior\BuildLiteBehavior [ RunTime:0.000011s ]
INFO: [ app_init ] --END-- [ RunTime:0.000293s ]
ERR: 无法加载模块:Vendors

[ 2018-11-06T22:24:03+08:00 ] 127.0.0.1 /Public/admin/js/custom.min.js
INFO: [ app_init ] --START--
INFO: Run Behavior\BuildLiteBehavior [ RunTime:0.000011s ]
INFO: [ app_init ] --END-- [ RunTime:0.000294s ]
ERR: 无法加载模块:Public

[ 2018-11-06T22:24:03+08:00 ] 127.0.0.1 /vendors/DateJS/Public/admin/admin/date.js
INFO: [ app_init ] --START--
INFO: Run Behavior\BuildLiteBehavior [ RunTime:0.000015s ]
INFO: [ app_init ] --END-- [ RunTime:0.000757s ]
ERR: 无法加载模块:Vendors

[ 2018-11-06T22:24:03+08:00 ] 127.0.0.1 /Public/admin/js/custom.min.js
INFO: [ app_init ] --START--
INFO: Run Behavior\BuildLiteBehavior [ RunTime:0.000010s ]
INFO: [ app_init ] --END-- [ RunTime:0.000240s ]
ERR: 无法加载模块:Public

[ 2018-11-06T22:24:11+08:00 ] 127.0.0.1 /Public/admin/admin/css/custom.min.css
INFO: [ app_init ] --START--
INFO: Run Behavior\BuildLiteBehavior [ RunTime:0.000009s ]
INFO: [ app_init ] --END-- [ RunTime:0.000263s ]
ERR: 无法加载模块:Public

[ 2018-11-06T22:24:11+08:00 ] 127.0.0.1 /vendors/DateJS/Public/admin/admin/date.js
INFO: [ app_init ] --START--
INFO: Run Behavior\BuildLiteBehavior [ RunTime:0.000010s ]
INFO: [ app_init ] --END-- [ RunTime:0.000284s ]
ERR: 无法加载模块:Vendors

[ 2018-11-06T22:24:11+08:00 ] 127.0.0.1 /Public/admin/js/custom.min.js
INFO: [ app_init ] --START--
INFO: Run Behavior\BuildLiteBehavior [ RunTime:0.000009s ]
INFO: [ app_init ] --END-- [ RunTime:0.000288s ]
ERR: 无法加载模块:Public

[ 2018-11-06T22:24:38+08:00 ] 127.0.0.1 /Public/admin/admin/css/custom.min.css
INFO: [ app_init ] --START--
INFO: Run Behavior\BuildLiteBehavior [ RunTime:0.000009s ]
INFO: [ app_init ] --END-- [ RunTime:0.000237s ]
ERR: 无法加载模块:Public

[ 2018-11-06T22:24:38+08:00 ] 127.0.0.1 /vendors/DateJS/Public/admin/admin/date.js
INFO: [ app_init ] --START--
INFO: Run Behavior\BuildLiteBehavior [ RunTime:0.000010s ]
INFO: [ app_init ] --END-- [ RunTime:0.000235s ]
ERR: 无法加载模块:Vendors

[ 2018-11-06T22:24:38+08:00 ] 127.0.0.1 /Public/admin/js/custom.min.js
INFO: [ app_init ] --START--
INFO: Run Behavior\BuildLiteBehavior [ RunTime:0.000010s ]
INFO: [ app_init ] --END-- [ RunTime:0.000360s ]
ERR: 无法加载模块:Public

[ 2018-11-06T22:24:38+08:00 ] 127.0.0.1 /vendors/DateJS/Public/admin/admin/date.js
INFO: [ app_init ] --START--
INFO: Run Behavior\BuildLiteBehavior [ RunTime:0.000010s ]
INFO: [ app_init ] --END-- [ RunTime:0.000302s ]
ERR: 无法加载模块:Vendors

[ 2018-11-06T22:24:39+08:00 ] 127.0.0.1 /Public/admin/js/custom.min.js
INFO: [ app_init ] --START--
INFO: Run Behavior\BuildLiteBehavior [ RunTime:0.000009s ]
INFO: [ app_init ] --END-- [ RunTime:0.000238s ]
ERR: 无法加载模块:Public

[ 2018-11-06T22:24:40+08:00 ] 127.0.0.1 /vendors/DateJS/Public/admin/admin/date.js
INFO: [ app_init ] --START--
INFO: Run Behavior\BuildLiteBehavior [ RunTime:0.000009s ]
INFO: [ app_init ] --END-- [ RunTime:0.000235s ]
ERR: 无法加载模块:Vendors

[ 2018-11-06T22:24:40+08:00 ] 127.0.0.1 /Public/admin/js/custom.min.js
INFO: [ app_init ] --START--
INFO: Run Behavior\BuildLiteBehavior [ RunTime:0.000009s ]
INFO: [ app_init ] --END-- [ RunTime:0.000232s ]
ERR: 无法加载模块:Public

[ 2018-11-06T22:24:40+08:00 ] 127.0.0.1 /Public/admin/admin/css/custom.min.css
INFO: [ app_init ] --START--
INFO: Run Behavior\BuildLiteBehavior [ RunTime:0.000011s ]
INFO: [ app_init ] --END-- [ RunTime:0.000325s ]
ERR: 无法加载模块:Public

[ 2018-11-06T22:24:40+08:00 ] 127.0.0.1 /vendors/DateJS/Public/admin/admin/date.js
INFO: [ app_init ] --START--
INFO: Run Behavior\BuildLiteBehavior [ RunTime:0.000009s ]
INFO: [ app_init ] --END-- [ RunTime:0.000239s ]
ERR: 无法加载模块:Vendors

[ 2018-11-06T22:24:40+08:00 ] 127.0.0.1 /Public/admin/js/custom.min.js
INFO: [ app_init ] --START--
INFO: Run Behavior\BuildLiteBehavior [ RunTime:0.000008s ]
INFO: [ app_init ] --END-- [ RunTime:0.000220s ]
ERR: 无法加载模块:Public

[ 2018-11-06T22:24:41+08:00 ] 127.0.0.1 /Public/admin/admin/css/custom.min.css
INFO: [ app_init ] --START--
INFO: Run Behavior\BuildLiteBehavior [ RunTime:0.000010s ]
INFO: [ app_init ] --END-- [ RunTime:0.000248s ]
ERR: 无法加载模块:Public

[ 2018-11-06T22:24:41+08:00 ] 127.0.0.1 /vendors/DateJS/Public/admin/admin/date.js
INFO: [ app_init ] --START--
INFO: Run Behavior\BuildLiteBehavior [ RunTime:0.000009s ]
INFO: [ app_init ] --END-- [ RunTime:0.000240s ]
ERR: 无法加载模块:Vendors

[ 2018-11-06T22:24:41+08:00 ] 127.0.0.1 /Public/admin/js/custom.min.js
INFO: [ app_init ] --START--
INFO: Run Behavior\BuildLiteBehavior [ RunTime:0.000010s ]
INFO: [ app_init ] --END-- [ RunTime:0.000263s ]
ERR: 无法加载模块:Public

[ 2018-11-06T22:24:41+08:00 ] 127.0.0.1 /vendors/DateJS/Public/admin/admin/date.js
INFO: [ app_init ] --START--
INFO: Run Behavior\BuildLiteBehavior [ RunTime:0.000028s ]
INFO: [ app_init ] --END-- [ RunTime:0.000244s ]
ERR: 无法加载模块:Vendors

[ 2018-11-06T22:24:41+08:00 ] 127.0.0.1 /Public/admin/js/custom.min.js
INFO: [ app_init ] --START--
INFO: Run Behavior\BuildLiteBehavior [ RunTime:0.000008s ]
INFO: [ app_init ] --END-- [ RunTime:0.000261s ]
ERR: 无法加载模块:Public

[ 2018-11-06T22:24:42+08:00 ] 127.0.0.1 /vendors/DateJS/Public/admin/admin/date.js
INFO: [ app_init ] --START--
INFO: Run Behavior\BuildLiteBehavior [ RunTime:0.000010s ]
INFO: [ app_init ] --END-- [ RunTime:0.000282s ]
ERR: 无法加载模块:Vendors

[ 2018-11-06T22:24:42+08:00 ] 127.0.0.1 /Public/admin/js/custom.min.js
INFO: [ app_init ] --START--
INFO: Run Behavior\BuildLiteBehavior [ RunTime:0.000011s ]
INFO: [ app_init ] --END-- [ RunTime:0.000294s ]
ERR: 无法加载模块:Public

[ 2018-11-06T22:24:42+08:00 ] 127.0.0.1 /Public/admin/admin/css/custom.min.css
INFO: [ app_init ] --START--
INFO: Run Behavior\BuildLiteBehavior [ RunTime:0.000009s ]
INFO: [ app_init ] --END-- [ RunTime:0.000258s ]
ERR: 无法加载模块:Public

[ 2018-11-06T22:24:42+08:00 ] 127.0.0.1 /vendors/DateJS/Public/admin/admin/date.js
INFO: [ app_init ] --START--
INFO: Run Behavior\BuildLiteBehavior [ RunTime:0.000008s ]
INFO: [ app_init ] --END-- [ RunTime:0.000221s ]
ERR: 无法加载模块:Vendors

[ 2018-11-06T22:24:42+08:00 ] 127.0.0.1 /Public/admin/js/custom.min.js
INFO: [ app_init ] --START--
INFO: Run Behavior\BuildLiteBehavior [ RunTime:0.000010s ]
INFO: [ app_init ] --END-- [ RunTime:0.000271s ]
ERR: 无法加载模块:Public

[ 2018-11-06T22:24:42+08:00 ] 127.0.0.1 /Public/admin/admin/css/custom.min.css
INFO: [ app_init ] --START--
INFO: Run Behavior\BuildLiteBehavior [ RunTime:0.000009s ]
INFO: [ app_init ] --END-- [ RunTime:0.000245s ]
ERR: 无法加载模块:Public

[ 2018-11-06T22:24:42+08:00 ] 127.0.0.1 /vendors/DateJS/Public/admin/admin/date.js
INFO: [ app_init ] --START--
INFO: Run Behavior\BuildLiteBehavior [ RunTime:0.000016s ]
INFO: [ app_init ] --END-- [ RunTime:0.000313s ]
ERR: 无法加载模块:Vendors

[ 2018-11-06T22:24:42+08:00 ] 127.0.0.1 /Public/admin/js/custom.min.js
INFO: [ app_init ] --START--
INFO: Run Behavior\BuildLiteBehavior [ RunTime:0.000009s ]
INFO: [ app_init ] --END-- [ RunTime:0.000245s ]
ERR: 无法加载模块:Public

[ 2018-11-06T22:24:42+08:00 ] 127.0.0.1 /vendors/DateJS/Public/admin/admin/date.js
INFO: [ app_init ] --START--
INFO: Run Behavior\BuildLiteBehavior [ RunTime:0.000009s ]
INFO: [ app_init ] --END-- [ RunTime:0.000258s ]
ERR: 无法加载模块:Vendors

[ 2018-11-06T22:24:42+08:00 ] 127.0.0.1 /Public/admin/js/custom.min.js
INFO: [ app_init ] --START--
INFO: Run Behavior\BuildLiteBehavior [ RunTime:0.000010s ]
INFO: [ app_init ] --END-- [ RunTime:0.000243s ]
ERR: 无法加载模块:Public

[ 2018-11-06T22:24:43+08:00 ] 127.0.0.1 /Public/admin/admin/css/custom.min.css
INFO: [ app_init ] --START--
INFO: Run Behavior\BuildLiteBehavior [ RunTime:0.000009s ]
INFO: [ app_init ] --END-- [ RunTime:0.000240s ]
ERR: 无法加载模块:Public

[ 2018-11-06T22:24:43+08:00 ] 127.0.0.1 /Public/admin/js/custom.min.js
INFO: [ app_init ] --START--
INFO: Run Behavior\BuildLiteBehavior [ RunTime:0.000009s ]
INFO: [ app_init ] --END-- [ RunTime:0.000233s ]
ERR: 无法加载模块:Public

[ 2018-11-06T22:24:43+08:00 ] 127.0.0.1 /vendors/DateJS/Public/admin/admin/date.js
INFO: [ app_init ] --START--
INFO: Run Behavior\BuildLiteBehavior [ RunTime:0.000011s ]
INFO: [ app_init ] --END-- [ RunTime:0.000253s ]
ERR: 无法加载模块:Vendors

[ 2018-11-06T22:24:43+08:00 ] 127.0.0.1 /Public/admin/js/custom.min.js
INFO: [ app_init ] --START--
INFO: Run Behavior\BuildLiteBehavior [ RunTime:0.000009s ]
INFO: [ app_init ] --END-- [ RunTime:0.000268s ]
ERR: 无法加载模块:Public

[ 2018-11-06T22:24:43+08:00 ] 127.0.0.1 /Public/admin/admin/css/custom.min.css
INFO: [ app_init ] --START--
INFO: Run Behavior\BuildLiteBehavior [ RunTime:0.000009s ]
INFO: [ app_init ] --END-- [ RunTime:0.000243s ]
ERR: 无法加载模块:Public

[ 2018-11-06T22:24:43+08:00 ] 127.0.0.1 /vendors/DateJS/Public/admin/admin/date.js
INFO: [ app_init ] --START--
INFO: Run Behavior\BuildLiteBehavior [ RunTime:0.000010s ]
INFO: [ app_init ] --END-- [ RunTime:0.000253s ]
ERR: 无法加载模块:Vendors

[ 2018-11-06T22:24:43+08:00 ] 127.0.0.1 /Public/admin/js/custom.min.js
INFO: [ app_init ] --START--
INFO: Run Behavior\BuildLiteBehavior [ RunTime:0.000012s ]
INFO: [ app_init ] --END-- [ RunTime:0.001126s ]
ERR: 无法加载模块:Public

[ 2018-11-06T22:24:43+08:00 ] 127.0.0.1 /vendors/DateJS/Public/admin/admin/date.js
INFO: [ app_init ] --START--
INFO: Run Behavior\BuildLiteBehavior [ RunTime:0.000009s ]
INFO: [ app_init ] --END-- [ RunTime:0.000229s ]
ERR: 无法加载模块:Vendors

[ 2018-11-06T22:24:43+08:00 ] 127.0.0.1 /Public/admin/js/custom.min.js
INFO: [ app_init ] --START--
INFO: Run Behavior\BuildLiteBehavior [ RunTime:0.000008s ]
INFO: [ app_init ] --END-- [ RunTime:0.000244s ]
ERR: 无法加载模块:Public

[ 2018-11-06T22:24:44+08:00 ] 127.0.0.1 /Public/admin/admin/css/custom.min.css
INFO: [ app_init ] --START--
INFO: Run Behavior\BuildLiteBehavior [ RunTime:0.000009s ]
INFO: [ app_init ] --END-- [ RunTime:0.000248s ]
ERR: 无法加载模块:Public

[ 2018-11-06T22:24:44+08:00 ] 127.0.0.1 /vendors/DateJS/Public/admin/admin/date.js
INFO: [ app_init ] --START--
INFO: Run Behavior\BuildLiteBehavior [ RunTime:0.000008s ]
INFO: [ app_init ] --END-- [ RunTime:0.000250s ]
ERR: 无法加载模块:Vendors

[ 2018-11-06T22:24:44+08:00 ] 127.0.0.1 /Public/admin/js/custom.min.js
INFO: [ app_init ] --START--
INFO: Run Behavior\BuildLiteBehavior [ RunTime:0.000009s ]
INFO: [ app_init ] --END-- [ RunTime:0.000289s ]
ERR: 无法加载模块:Public

[ 2018-11-06T22:24:44+08:00 ] 127.0.0.1 /vendors/DateJS/Public/admin/admin/date.js
INFO: [ app_init ] --START--
INFO: Run Behavior\BuildLiteBehavior [ RunTime:0.000009s ]
INFO: [ app_init ] --END-- [ RunTime:0.000234s ]
ERR: 无法加载模块:Vendors

[ 2018-11-06T22:24:44+08:00 ] 127.0.0.1 /Public/admin/js/custom.min.js
INFO: [ app_init ] --START--
INFO: Run Behavior\BuildLiteBehavior [ RunTime:0.000009s ]
INFO: [ app_init ] --END-- [ RunTime:0.000234s ]
ERR: 无法加载模块:Public

[ 2018-11-06T22:24:45+08:00 ] 127.0.0.1 /Public/admin/admin/css/custom.min.css
INFO: [ app_init ] --START--
INFO: Run Behavior\BuildLiteBehavior [ RunTime:0.000009s ]
INFO: [ app_init ] --END-- [ RunTime:0.000230s ]
ERR: 无法加载模块:Public

[ 2018-11-06T22:24:45+08:00 ] 127.0.0.1 /vendors/DateJS/Public/admin/admin/date.js
INFO: [ app_init ] --START--
INFO: Run Behavior\BuildLiteBehavior [ RunTime:0.000010s ]
INFO: [ app_init ] --END-- [ RunTime:0.000276s ]
ERR: 无法加载模块:Vendors

[ 2018-11-06T22:24:45+08:00 ] 127.0.0.1 /Public/admin/js/custom.min.js
INFO: [ app_init ] --START--
INFO: Run Behavior\BuildLiteBehavior [ RunTime:0.000016s ]
INFO: [ app_init ] --END-- [ RunTime:0.000271s ]
ERR: 无法加载模块:Public

[ 2018-11-06T22:24:45+08:00 ] 127.0.0.1 /vendors/DateJS/Public/admin/admin/date.js
INFO: [ app_init ] --START--
INFO: Run Behavior\BuildLiteBehavior [ RunTime:0.000008s ]
INFO: [ app_init ] --END-- [ RunTime:0.000221s ]
ERR: 无法加载模块:Vendors

[ 2018-11-06T22:24:45+08:00 ] 127.0.0.1 /Public/admin/js/custom.min.js
INFO: [ app_init ] --START--
INFO: Run Behavior\BuildLiteBehavior [ RunTime:0.000009s ]
INFO: [ app_init ] --END-- [ RunTime:0.000243s ]
ERR: 无法加载模块:Public

[ 2018-11-06T22:24:45+08:00 ] 127.0.0.1 /vendors/DateJS/Public/admin/admin/date.js
INFO: [ app_init ] --START--
INFO: Run Behavior\BuildLiteBehavior [ RunTime:0.000010s ]
INFO: [ app_init ] --END-- [ RunTime:0.000255s ]
ERR: 无法加载模块:Vendors

[ 2018-11-06T22:24:45+08:00 ] 127.0.0.1 /Public/admin/js/custom.min.js
INFO: [ app_init ] --START--
INFO: Run Behavior\BuildLiteBehavior [ RunTime:0.000009s ]
INFO: [ app_init ] --END-- [ RunTime:0.000268s ]
ERR: 无法加载模块:Public

[ 2018-11-06T22:24:45+08:00 ] 127.0.0.1 /Public/admin/admin/css/custom.min.css
INFO: [ app_init ] --START--
INFO: Run Behavior\BuildLiteBehavior [ RunTime:0.000009s ]
INFO: [ app_init ] --END-- [ RunTime:0.000289s ]
ERR: 无法加载模块:Public

[ 2018-11-06T22:24:45+08:00 ] 127.0.0.1 /vendors/DateJS/Public/admin/admin/date.js
INFO: [ app_init ] --START--
INFO: Run Behavior\BuildLiteBehavior [ RunTime:0.000010s ]
INFO: [ app_init ] --END-- [ RunTime:0.000311s ]
ERR: 无法加载模块:Vendors

[ 2018-11-06T22:24:46+08:00 ] 127.0.0.1 /Public/admin/js/custom.min.js
INFO: [ app_init ] --START--
INFO: Run Behavior\BuildLiteBehavior [ RunTime:0.000011s ]
INFO: [ app_init ] --END-- [ RunTime:0.000304s ]
ERR: 无法加载模块:Public

[ 2018-11-06T22:26:32+08:00 ] 127.0.0.1 /vendors/DateJS/Public/admin/admin/date.js
INFO: [ app_init ] --START--
INFO: Run Behavior\BuildLiteBehavior [ RunTime:0.000012s ]
INFO: [ app_init ] --END-- [ RunTime:0.000279s ]
ERR: 无法加载模块:Vendors

[ 2018-11-06T22:26:32+08:00 ] 127.0.0.1 /Public/admin/admin/css/custom.min.css
INFO: [ app_init ] --START--
INFO: Run Behavior\BuildLiteBehavior [ RunTime:0.000010s ]
INFO: [ app_init ] --END-- [ RunTime:0.000277s ]
ERR: 无法加载模块:Public

[ 2018-11-06T22:26:32+08:00 ] 127.0.0.1 /vendors/DateJS/Public/admin/admin/date.js
INFO: [ app_init ] --START--
INFO: Run Behavior\BuildLiteBehavior [ RunTime:0.000009s ]
INFO: [ app_init ] --END-- [ RunTime:0.000284s ]
ERR: 无法加载模块:Vendors

[ 2018-11-06T22:26:35+08:00 ] 127.0.0.1 /Public/admin/admin/css/custom.min.css
INFO: [ app_init ] --START--
INFO: Run Behavior\BuildLiteBehavior [ RunTime:0.000045s ]
INFO: [ app_init ] --END-- [ RunTime:0.000382s ]
ERR: 无法加载模块:Public

[ 2018-11-06T22:26:35+08:00 ] 127.0.0.1 /vendors/DateJS/Public/admin/admin/date.js
INFO: [ app_init ] --START--
INFO: Run Behavior\BuildLiteBehavior [ RunTime:0.000012s ]
INFO: [ app_init ] --END-- [ RunTime:0.000329s ]
ERR: 无法加载模块:Vendors

[ 2018-11-06T22:27:21+08:00 ] 127.0.0.1 /vendors/DateJS/Public/admin/admin/date.js
INFO: [ app_init ] --START--
INFO: Run Behavior\BuildLiteBehavior [ RunTime:0.000010s ]
INFO: [ app_init ] --END-- [ RunTime:0.000241s ]
ERR: 无法加载模块:Vendors

[ 2018-11-06T22:27:21+08:00 ] 127.0.0.1 /Public/build/admin/css/custom.min.css
INFO: [ app_init ] --START--
INFO: Run Behavior\BuildLiteBehavior [ RunTime:0.000023s ]
INFO: [ app_init ] --END-- [ RunTime:0.000892s ]
ERR: 无法加载模块:Public

[ 2018-11-06T22:27:21+08:00 ] 127.0.0.1 /vendors/DateJS/Public/admin/admin/date.js
INFO: [ app_init ] --START--
INFO: Run Behavior\BuildLiteBehavior [ RunTime:0.000010s ]
INFO: [ app_init ] --END-- [ RunTime:0.000288s ]
ERR: 无法加载模块:Vendors

[ 2018-11-06T22:27:23+08:00 ] 127.0.0.1 /Public/build/admin/css/custom.min.css
INFO: [ app_init ] --START--
INFO: Run Behavior\BuildLiteBehavior [ RunTime:0.000011s ]
INFO: [ app_init ] --END-- [ RunTime:0.000918s ]
ERR: 无法加载模块:Public

[ 2018-11-06T22:27:23+08:00 ] 127.0.0.1 /vendors/DateJS/Public/admin/admin/date.js
INFO: [ app_init ] --START--
INFO: Run Behavior\BuildLiteBehavior [ RunTime:0.000013s ]
INFO: [ app_init ] --END-- [ RunTime:0.000294s ]
ERR: 无法加载模块:Vendors

[ 2018-11-06T22:27:23+08:00 ] 127.0.0.1 /vendors/DateJS/Public/admin/admin/date.js
INFO: [ app_init ] --START--
INFO: Run Behavior\BuildLiteBehavior [ RunTime:0.000008s ]
INFO: [ app_init ] --END-- [ RunTime:0.000221s ]
ERR: 无法加载模块:Vendors

[ 2018-11-06T22:27:57+08:00 ] 127.0.0.1 /vendors/DateJS/Public/admin/admin/date.js
INFO: [ app_init ] --START--
INFO: Run Behavior\BuildLiteBehavior [ RunTime:0.000014s ]
INFO: [ app_init ] --END-- [ RunTime:0.000284s ]
ERR: 无法加载模块:Vendors

[ 2018-11-06T22:27:57+08:00 ] 127.0.0.1 /vendors/DateJS/Public/admin/admin/date.js
INFO: [ app_init ] --START--
INFO: Run Behavior\BuildLiteBehavior [ RunTime:0.000010s ]
INFO: [ app_init ] --END-- [ RunTime:0.000529s ]
ERR: 无法加载模块:Vendors

[ 2018-11-06T22:36:37+08:00 ] 127.0.0.1 /favicon.ico
INFO: [ app_init ] --START--
INFO: Run Behavior\BuildLiteBehavior [ RunTime:0.000033s ]
INFO: [ app_init ] --END-- [ RunTime:0.000602s ]
ERR: 无法加载模块:Favicon

[ 2018-11-06T22:37:08+08:00 ] 127.0.0.1 /__VENDORS__/jquery/dist/jquery.min.js
INFO: [ app_init ] --START--
INFO: Run Behavior\BuildLiteBehavior [ RunTime:0.000020s ]
INFO: [ app_init ] --END-- [ RunTime:0.000363s ]
ERR: 无法加载模块:__VENDORS__

[ 2018-11-06T22:37:23+08:00 ] 127.0.0.1 /__VENDORS__/jquery/dist/jquery.min.js
INFO: [ app_init ] --START--
INFO: Run Behavior\BuildLiteBehavior [ RunTime:0.000009s ]
INFO: [ app_init ] --END-- [ RunTime:0.000263s ]
ERR: 无法加载模块:__VENDORS__

[ 2018-11-06T22:39:29+08:00 ] 127.0.0.1 /__VENDORS__/jquery/dist/jquery.min.js
INFO: [ app_init ] --START--
INFO: Run Behavior\BuildLiteBehavior [ RunTime:0.000010s ]
INFO: [ app_init ] --END-- [ RunTime:0.000247s ]
ERR: 无法加载模块:__VENDORS__

[ 2018-11-06T22:39:48+08:00 ] 127.0.0.1 /__VENDORS__/jquery/dist/jquery.min.js
INFO: [ app_init ] --START--
INFO: Run Behavior\BuildLiteBehavior [ RunTime:0.000010s ]
INFO: [ app_init ] --END-- [ RunTime:0.000257s ]
ERR: 无法加载模块:__VENDORS__

[ 2018-11-06T22:39:59+08:00 ] 127.0.0.1 /__VENDORS__/jquery/dist/jquery.min.js
INFO: [ app_init ] --START--
INFO: Run Behavior\BuildLiteBehavior [ RunTime:0.000012s ]
INFO: [ app_init ] --END-- [ RunTime:0.000288s ]
ERR: 无法加载模块:__VENDORS__

[ 2018-11-06T22:40:08+08:00 ] 127.0.0.1 /__VENDORS__/jquery/dist/jquery.min.js
INFO: [ app_init ] --START--
INFO: Run Behavior\BuildLiteBehavior [ RunTime:0.000011s ]
INFO: [ app_init ] --END-- [ RunTime:0.000362s ]
ERR: 无法加载模块:__VENDORS__

[ 2018-11-06T22:40:17+08:00 ] 127.0.0.1 /__VENDORS__/jquery/dist/jquery.min.js
INFO: [ app_init ] --START--
INFO: Run Behavior\BuildLiteBehavior [ RunTime:0.000010s ]
INFO: [ app_init ] --END-- [ RunTime:0.000321s ]
ERR: 无法加载模块:__VENDORS__

[ 2018-11-06T22:40:18+08:00 ] 127.0.0.1 /__VENDORS__/jquery/dist/jquery.min.js
INFO: [ app_init ] --START--
INFO: Run Behavior\BuildLiteBehavior [ RunTime:0.000057s ]
INFO: [ app_init ] --END-- [ RunTime:0.000378s ]
ERR: 无法加载模块:__VENDORS__

[ 2018-11-06T22:40:19+08:00 ] 127.0.0.1 /__VENDORS__/jquery/dist/jquery.min.js
INFO: [ app_init ] --START--
INFO: Run Behavior\BuildLiteBehavior [ RunTime:0.000011s ]
INFO: [ app_init ] --END-- [ RunTime:0.000266s ]
ERR: 无法加载模块:__VENDORS__

[ 2018-11-06T22:41:14+08:00 ] 127.0.0.1 /__VENDORS__/jquery/dist/jquery.min.js
INFO: [ app_init ] --START--
INFO: Run Behavior\BuildLiteBehavior [ RunTime:0.000014s ]
INFO: [ app_init ] --END-- [ RunTime:0.000331s ]
ERR: 无法加载模块:__VENDORS__

[ 2018-11-06T22:41:15+08:00 ] 127.0.0.1 /__VENDORS__/jquery/dist/jquery.min.js
INFO: [ app_init ] --START--
INFO: Run Behavior\BuildLiteBehavior [ RunTime:0.000012s ]
INFO: [ app_init ] --END-- [ RunTime:0.000260s ]
ERR: 无法加载模块:__VENDORS__

[ 2018-11-06T22:41:15+08:00 ] 127.0.0.1 /__VENDORS__/jquery/dist/jquery.min.js
INFO: [ app_init ] --START--
INFO: Run Behavior\BuildLiteBehavior [ RunTime:0.000009s ]
INFO: [ app_init ] --END-- [ RunTime:0.000235s ]
ERR: 无法加载模块:__VENDORS__

[ 2018-11-06T22:43:07+08:00 ] 127.0.0.1 /C(__VENDORS__)/jquery/dist/jquery.min.js
INFO: [ app_init ] --START--
INFO: Run Behavior\BuildLiteBehavior [ RunTime:0.000009s ]
INFO: [ app_init ] --END-- [ RunTime:0.000242s ]
ERR: 无法加载模块:C(__VENDORS__)

[ 2018-11-06T22:43:16+08:00 ] 127.0.0.1 /C('__VENDORS__')/jquery/dist/jquery.min.js
INFO: [ app_init ] --START--
INFO: Run Behavior\BuildLiteBehavior [ RunTime:0.000009s ]
INFO: [ app_init ] --END-- [ RunTime:0.000260s ]
ERR: 无法加载模块:C('__VENDORS__')

[ 2018-11-06T22:43:17+08:00 ] 127.0.0.1 /C('__VENDORS__')/jquery/dist/jquery.min.js
INFO: [ app_init ] --START--
INFO: Run Behavior\BuildLiteBehavior [ RunTime:0.000011s ]
INFO: [ app_init ] --END-- [ RunTime:0.000327s ]
ERR: 无法加载模块:C('__VENDORS__')

[ 2018-11-06T22:43:18+08:00 ] 127.0.0.1 /C('__VENDORS__')/jquery/dist/jquery.min.js
INFO: [ app_init ] --START--
INFO: Run Behavior\BuildLiteBehavior [ RunTime:0.000010s ]
INFO: [ app_init ] --END-- [ RunTime:0.000245s ]
ERR: 无法加载模块:C('__VENDORS__')

[ 2018-11-06T22:45:12+08:00 ] 127.0.0.1 /__ROOT__/vendors//jquery/dist/jquery.min.js
INFO: [ app_init ] --START--
INFO: Run Behavior\BuildLiteBehavior [ RunTime:0.000011s ]
INFO: [ app_init ] --END-- [ RunTime:0.000286s ]
ERR: 无法加载模块:__ROOT__

[ 2018-11-06T22:45:13+08:00 ] 127.0.0.1 /__ROOT__/vendors//jquery/dist/jquery.min.js
INFO: [ app_init ] --START--
INFO: Run Behavior\BuildLiteBehavior [ RunTime:0.000010s ]
INFO: [ app_init ] --END-- [ RunTime:0.000240s ]
ERR: 无法加载模块:__ROOT__

[ 2018-11-06T22:45:13+08:00 ] 127.0.0.1 /__ROOT__/vendors//jquery/dist/jquery.min.js
INFO: [ app_init ] --START--
INFO: Run Behavior\BuildLiteBehavior [ RunTime:0.000009s ]
INFO: [ app_init ] --END-- [ RunTime:0.000245s ]
ERR: 无法加载模块:__ROOT__

[ 2018-11-06T22:45:26+08:00 ] 127.0.0.1 /index.php/__ROOT__/vendors//jquery/dist/jquery.min.js
INFO: [ app_init ] --START--
INFO: Run Behavior\BuildLiteBehavior [ RunTime:0.000011s ]
INFO: [ app_init ] --END-- [ RunTime:0.000259s ]
ERR: 无法加载模块:__ROOT__

[ 2018-11-06T22:45:31+08:00 ] 127.0.0.1 /index.php/__ROOT__/vendors//jquery/dist/jquery.min.js
INFO: [ app_init ] --START--
INFO: Run Behavior\BuildLiteBehavior [ RunTime:0.000010s ]
INFO: [ app_init ] --END-- [ RunTime:0.000265s ]
ERR: 无法加载模块:__ROOT__

[ 2018-11-06T22:45:32+08:00 ] 127.0.0.1 /index.php/__ROOT__/vendors//jquery/dist/jquery.min.js
INFO: [ app_init ] --START--
INFO: Run Behavior\BuildLiteBehavior [ RunTime:0.000009s ]
INFO: [ app_init ] --END-- [ RunTime:0.000358s ]
ERR: 无法加载模块:__ROOT__

[ 2018-11-06T22:45:33+08:00 ] 127.0.0.1 /index.php/__ROOT__/vendors//jquery/dist/jquery.min.js
INFO: [ app_init ] --START--
INFO: Run Behavior\BuildLiteBehavior [ RunTime:0.000009s ]
INFO: [ app_init ] --END-- [ RunTime:0.000251s ]
ERR: 无法加载模块:__ROOT__

[ 2018-11-06T22:45:33+08:00 ] 127.0.0.1 /index.php/__ROOT__/vendors//jquery/dist/jquery.min.js
INFO: [ app_init ] --START--
INFO: Run Behavior\BuildLiteBehavior [ RunTime:0.000010s ]
INFO: [ app_init ] --END-- [ RunTime:0.000242s ]
ERR: 无法加载模块:__ROOT__

[ 2018-11-06T22:45:34+08:00 ] 127.0.0.1 /index.php/__ROOT__/vendors//jquery/dist/jquery.min.js
INFO: [ app_init ] --START--
INFO: Run Behavior\BuildLiteBehavior [ RunTime:0.000089s ]
INFO: [ app_init ] --END-- [ RunTime:0.000709s ]
ERR: 无法加载模块:__ROOT__

[ 2018-11-06T22:45:35+08:00 ] 127.0.0.1 /index.php/__ROOT__/vendors//jquery/dist/jquery.min.js
INFO: [ app_init ] --START--
INFO: Run Behavior\BuildLiteBehavior [ RunTime:0.000010s ]
INFO: [ app_init ] --END-- [ RunTime:0.000252s ]
ERR: 无法加载模块:__ROOT__

[ 2018-11-06T22:45:36+08:00 ] 127.0.0.1 /index.php/__ROOT__/vendors//jquery/dist/jquery.min.js
INFO: [ app_init ] --START--
INFO: Run Behavior\BuildLiteBehavior [ RunTime:0.000008s ]
INFO: [ app_init ] --END-- [ RunTime:0.000231s ]
ERR: 无法加载模块:__ROOT__

[ 2018-11-06T22:45:37+08:00 ] 127.0.0.1 /index.php/__ROOT__/vendors//jquery/dist/jquery.min.js
INFO: [ app_init ] --START--
INFO: Run Behavior\BuildLiteBehavior [ RunTime:0.000010s ]
INFO: [ app_init ] --END-- [ RunTime:0.000255s ]
ERR: 无法加载模块:__ROOT__

[ 2018-11-06T22:45:45+08:00 ] 127.0.0.1 /index.php/__ROOT__/vendors/jquery/dist/jquery.min.js
INFO: [ app_init ] --START--
INFO: Run Behavior\BuildLiteBehavior [ RunTime:0.000010s ]
INFO: [ app_init ] --END-- [ RunTime:0.000263s ]
ERR: 无法加载模块:__ROOT__

[ 2018-11-06T22:45:46+08:00 ] 127.0.0.1 /index.php/__ROOT__/vendors/jquery/dist/jquery.min.js
INFO: [ app_init ] --START--
INFO: Run Behavior\BuildLiteBehavior [ RunTime:0.000037s ]
INFO: [ app_init ] --END-- [ RunTime:0.000756s ]
ERR: 无法加载模块:__ROOT__

[ 2018-11-06T22:45:47+08:00 ] 127.0.0.1 /index.php/__ROOT__/vendors/jquery/dist/jquery.min.js
INFO: [ app_init ] --START--
INFO: Run Behavior\BuildLiteBehavior [ RunTime:0.000009s ]
INFO: [ app_init ] --END-- [ RunTime:0.000247s ]
ERR: 无法加载模块:__ROOT__

[ 2018-11-06T22:45:48+08:00 ] 127.0.0.1 /index.php/__ROOT__/vendors/jquery/dist/jquery.min.js
INFO: [ app_init ] --START--
INFO: Run Behavior\BuildLiteBehavior [ RunTime:0.000010s ]
INFO: [ app_init ] --END-- [ RunTime:0.000253s ]
ERR: 无法加载模块:__ROOT__

[ 2018-11-06T22:45:48+08:00 ] 127.0.0.1 /index.php/__ROOT__/vendors/jquery/dist/jquery.min.js
INFO: [ app_init ] --START--
INFO: Run Behavior\BuildLiteBehavior [ RunTime:0.000009s ]
INFO: [ app_init ] --END-- [ RunTime:0.000237s ]
ERR: 无法加载模块:__ROOT__

[ 2018-11-06T22:45:49+08:00 ] 127.0.0.1 /index.php/__ROOT__/vendors/jquery/dist/jquery.min.js
INFO: [ app_init ] --START--
INFO: Run Behavior\BuildLiteBehavior [ RunTime:0.000009s ]
INFO: [ app_init ] --END-- [ RunTime:0.000239s ]
ERR: 无法加载模块:__ROOT__

[ 2018-11-06T22:45:52+08:00 ] 127.0.0.1 /__ROOT__/vendors/jquery/dist/jquery.min.js
INFO: [ app_init ] --START--
INFO: Run Behavior\BuildLiteBehavior [ RunTime:0.000010s ]
INFO: [ app_init ] --END-- [ RunTime:0.000270s ]
ERR: 无法加载模块:__ROOT__

[ 2018-11-06T22:45:54+08:00 ] 127.0.0.1 /__ROOT__/vendors/jquery/dist/jquery.min.js
INFO: [ app_init ] --START--
INFO: Run Behavior\BuildLiteBehavior [ RunTime:0.000011s ]
INFO: [ app_init ] --END-- [ RunTime:0.000324s ]
ERR: 无法加载模块:__ROOT__

[ 2018-11-06T22:45:54+08:00 ] 127.0.0.1 /__ROOT__/vendors/jquery/dist/jquery.min.js
INFO: [ app_init ] --START--
INFO: Run Behavior\BuildLiteBehavior [ RunTime:0.000010s ]
INFO: [ app_init ] --END-- [ RunTime:0.000292s ]
ERR: 无法加载模块:__ROOT__

[ 2018-11-06T22:45:56+08:00 ] 127.0.0.1 /__ROOT__/vendors/jquery/dist/jquery.min.js
INFO: [ app_init ] --START--
INFO: Run Behavior\BuildLiteBehavior [ RunTime:0.000010s ]
INFO: [ app_init ] --END-- [ RunTime:0.000258s ]
ERR: 无法加载模块:__ROOT__

[ 2018-11-06T22:45:57+08:00 ] 127.0.0.1 /__ROOT__/vendors/jquery/dist/jquery.min.js
INFO: [ app_init ] --START--
INFO: Run Behavior\BuildLiteBehavior [ RunTime:0.000013s ]
INFO: [ app_init ] --END-- [ RunTime:0.000315s ]
ERR: 无法加载模块:__ROOT__

[ 2018-11-06T22:45:57+08:00 ] 127.0.0.1 /__ROOT__/vendors/jquery/dist/jquery.min.js
INFO: [ app_init ] --START--
INFO: Run Behavior\BuildLiteBehavior [ RunTime:0.000011s ]
INFO: [ app_init ] --END-- [ RunTime:0.000347s ]
ERR: 无法加载模块:__ROOT__

[ 2018-11-06T22:45:58+08:00 ] 127.0.0.1 /__ROOT__/vendors/jquery/dist/jquery.min.js
INFO: [ app_init ] --START--
INFO: Run Behavior\BuildLiteBehavior [ RunTime:0.000010s ]
INFO: [ app_init ] --END-- [ RunTime:0.000260s ]
ERR: 无法加载模块:__ROOT__

[ 2018-11-06T22:45:59+08:00 ] 127.0.0.1 /__ROOT__/vendors/jquery/dist/jquery.min.js
INFO: [ app_init ] --START--
INFO: Run Behavior\BuildLiteBehavior [ RunTime:0.000009s ]
INFO: [ app_init ] --END-- [ RunTime:0.000235s ]
ERR: 无法加载模块:__ROOT__

[ 2018-11-06T22:46:00+08:00 ] 127.0.0.1 /__ROOT__/vendors/jquery/dist/jquery.min.js
INFO: [ app_init ] --START--
INFO: Run Behavior\BuildLiteBehavior [ RunTime:0.000045s ]
INFO: [ app_init ] --END-- [ RunTime:0.000960s ]
ERR: 无法加载模块:__ROOT__

[ 2018-11-06T22:46:01+08:00 ] 127.0.0.1 /__ROOT__/vendors/jquery/dist/jquery.min.js
INFO: [ app_init ] --START--
INFO: Run Behavior\BuildLiteBehavior [ RunTime:0.000017s ]
INFO: [ app_init ] --END-- [ RunTime:0.003479s ]
ERR: 无法加载模块:__ROOT__

[ 2018-11-06T22:46:02+08:00 ] 127.0.0.1 /__ROOT__/vendors/jquery/dist/jquery.min.js
INFO: [ app_init ] --START--
INFO: Run Behavior\BuildLiteBehavior [ RunTime:0.000012s ]
INFO: [ app_init ] --END-- [ RunTime:0.000281s ]
ERR: 无法加载模块:__ROOT__

[ 2018-11-06T22:46:02+08:00 ] 127.0.0.1 /__ROOT__/vendors/jquery/dist/jquery.min.js
INFO: [ app_init ] --START--
INFO: Run Behavior\BuildLiteBehavior [ RunTime:0.000009s ]
INFO: [ app_init ] --END-- [ RunTime:0.000251s ]
ERR: 无法加载模块:__ROOT__

[ 2018-11-06T22:46:44+08:00 ] 127.0.0.1 /form_advanced.html
INFO: [ app_init ] --START--
INFO: Run Behavior\BuildLiteBehavior [ RunTime:0.000010s ]
INFO: [ app_init ] --END-- [ RunTime:0.000252s ]
ERR: 无法加载模块:Form_advanced

[ 2018-11-06T22:47:02+08:00 ] 127.0.0.1 /__ROOT__/vendors/jquery/dist/jquery.min.js
INFO: [ app_init ] --START--
INFO: Run Behavior\BuildLiteBehavior [ RunTime:0.000010s ]
INFO: [ app_init ] --END-- [ RunTime:0.000315s ]
ERR: 无法加载模块:__ROOT__

[ 2018-11-06T22:47:09+08:00 ] 127.0.0.1 /__ROOT__/vendors/jquery/dist/jquery.min.js
INFO: [ app_init ] --START--
INFO: Run Behavior\BuildLiteBehavior [ RunTime:0.000029s ]
INFO: [ app_init ] --END-- [ RunTime:0.000401s ]
ERR: 无法加载模块:__ROOT__

[ 2018-11-06T22:47:10+08:00 ] 127.0.0.1 /__ROOT__/vendors/jquery/dist/jquery.min.js
INFO: [ app_init ] --START--
INFO: Run Behavior\BuildLiteBehavior [ RunTime:0.000037s ]
INFO: [ app_init ] --END-- [ RunTime:0.000420s ]
ERR: 无法加载模块:__ROOT__

[ 2018-11-06T22:47:11+08:00 ] 127.0.0.1 /__ROOT__/vendors/jquery/dist/jquery.min.js
INFO: [ app_init ] --START--
INFO: Run Behavior\BuildLiteBehavior [ RunTime:0.000009s ]
INFO: [ app_init ] --END-- [ RunTime:0.000275s ]
ERR: 无法加载模块:__ROOT__

[ 2018-11-06T22:47:11+08:00 ] 127.0.0.1 /__ROOT__/vendors/jquery/dist/jquery.min.js
INFO: [ app_init ] --START--
INFO: Run Behavior\BuildLiteBehavior [ RunTime:0.000013s ]
INFO: [ app_init ] --END-- [ RunTime:0.000632s ]
ERR: 无法加载模块:__ROOT__

[ 2018-11-06T22:47:11+08:00 ] 127.0.0.1 /__ROOT__/vendors/jquery/dist/jquery.min.js
INFO: [ app_init ] --START--
INFO: Run Behavior\BuildLiteBehavior [ RunTime:0.000012s ]
INFO: [ app_init ] --END-- [ RunTime:0.000301s ]
ERR: 无法加载模块:__ROOT__

[ 2018-11-06T22:48:14+08:00 ] 127.0.0.1 /__ROOT__/vendors/jquery/dist/jquery.min.js
INFO: [ app_init ] --START--
INFO: Run Behavior\BuildLiteBehavior [ RunTime:0.000009s ]
INFO: [ app_init ] --END-- [ RunTime:0.000245s ]
ERR: 无法加载模块:__ROOT__

[ 2018-11-06T22:48:40+08:00 ] 127.0.0.1 /__ROOT__/vendors/jquery/dist/jquery.min.js
INFO: [ app_init ] --START--
INFO: Run Behavior\BuildLiteBehavior [ RunTime:0.000012s ]
INFO: [ app_init ] --END-- [ RunTime:0.000266s ]
ERR: 无法加载模块:__ROOT__

[ 2018-11-06T22:48:46+08:00 ] 127.0.0.1 /__ROOT__/vendors/jquery/dist/jquery.min.js
INFO: [ app_init ] --START--
INFO: Run Behavior\BuildLiteBehavior [ RunTime:0.000009s ]
INFO: [ app_init ] --END-- [ RunTime:0.000235s ]
ERR: 无法加载模块:__ROOT__

[ 2018-11-06T22:48:47+08:00 ] 127.0.0.1 /__ROOT__/vendors/jquery/dist/jquery.min.js
INFO: [ app_init ] --START--
INFO: Run Behavior\BuildLiteBehavior [ RunTime:0.000010s ]
INFO: [ app_init ] --END-- [ RunTime:0.000281s ]
ERR: 无法加载模块:__ROOT__

[ 2018-11-06T22:48:48+08:00 ] 127.0.0.1 /__ROOT__/vendors/jquery/dist/jquery.min.js
INFO: [ app_init ] --START--
INFO: Run Behavior\BuildLiteBehavior [ RunTime:0.000009s ]
INFO: [ app_init ] --END-- [ RunTime:0.000272s ]
ERR: 无法加载模块:__ROOT__

[ 2018-11-06T22:48:57+08:00 ] 127.0.0.1 /__ROOT__/vendors/jquery/dist/jquery.min.js
INFO: [ app_init ] --START--
INFO: Run Behavior\BuildLiteBehavior [ RunTime:0.000009s ]
INFO: [ app_init ] --END-- [ RunTime:0.000244s ]
ERR: 无法加载模块:__ROOT__

[ 2018-11-06T22:48:58+08:00 ] 127.0.0.1 /__ROOT__/vendors/jquery/dist/jquery.min.js
INFO: [ app_init ] --START--
INFO: Run Behavior\BuildLiteBehavior [ RunTime:0.000008s ]
INFO: [ app_init ] --END-- [ RunTime:0.000227s ]
ERR: 无法加载模块:__ROOT__

[ 2018-11-06T22:48:59+08:00 ] 127.0.0.1 /__ROOT__/vendors/jquery/dist/jquery.min.js
INFO: [ app_init ] --START--
INFO: Run Behavior\BuildLiteBehavior [ RunTime:0.000009s ]
INFO: [ app_init ] --END-- [ RunTime:0.000242s ]
ERR: 无法加载模块:__ROOT__

[ 2018-11-06T22:48:59+08:00 ] 127.0.0.1 /__ROOT__/vendors/jquery/dist/jquery.min.js
INFO: [ app_init ] --START--
INFO: Run Behavior\BuildLiteBehavior [ RunTime:0.000011s ]
INFO: [ app_init ] --END-- [ RunTime:0.000275s ]
ERR: 无法加载模块:__ROOT__

[ 2018-11-06T22:49:00+08:00 ] 127.0.0.1 /__ROOT__/vendors/jquery/dist/jquery.min.js
INFO: [ app_init ] --START--
INFO: Run Behavior\BuildLiteBehavior [ RunTime:0.000009s ]
INFO: [ app_init ] --END-- [ RunTime:0.000240s ]
ERR: 无法加载模块:__ROOT__

[ 2018-11-06T22:49:01+08:00 ] 127.0.0.1 /__ROOT__/vendors/jquery/dist/jquery.min.js
INFO: [ app_init ] --START--
INFO: Run Behavior\BuildLiteBehavior [ RunTime:0.000009s ]
INFO: [ app_init ] --END-- [ RunTime:0.000272s ]
ERR: 无法加载模块:__ROOT__

[ 2018-11-06T22:49:02+08:00 ] 127.0.0.1 /__ROOT__/vendors/jquery/dist/jquery.min.js
INFO: [ app_init ] --START--
INFO: Run Behavior\BuildLiteBehavior [ RunTime:0.000009s ]
INFO: [ app_init ] --END-- [ RunTime:0.000241s ]
ERR: 无法加载模块:__ROOT__

[ 2018-11-06T22:49:55+08:00 ] 127.0.0.1 /Public/js/popper.min.js.map
INFO: [ app_init ] --START--
INFO: Run Behavior\BuildLiteBehavior [ RunTime:0.000013s ]
INFO: [ app_init ] --END-- [ RunTime:0.000294s ]
ERR: 无法加载模块:Public

[ 2018-11-06T22:49:56+08:00 ] 127.0.0.1 /Public/js/jquery.sticky.min.js.map
INFO: [ app_init ] --START--
INFO: Run Behavior\BuildLiteBehavior [ RunTime:0.000056s ]
INFO: [ app_init ] --END-- [ RunTime:0.000459s ]
ERR: 无法加载模块:Public

[ 2018-11-06T22:49:56+08:00 ] 127.0.0.1 /Public/js/bootstrap.min.js.map
INFO: [ app_init ] --START--
INFO: Run Behavior\BuildLiteBehavior [ RunTime:0.000009s ]
INFO: [ app_init ] --END-- [ RunTime:0.000292s ]
ERR: 无法加载模块:Public

[ 2018-11-06T22:49:56+08:00 ] 127.0.0.1 /Public/style.css.map
INFO: [ app_init ] --START--
INFO: Run Behavior\BuildLiteBehavior [ RunTime:0.000009s ]
INFO: [ app_init ] --END-- [ RunTime:0.000276s ]
ERR: 无法加载模块:Public

[ 2018-11-06T22:49:56+08:00 ] 127.0.0.1 /Public/css/classy-nav.css.map
INFO: [ app_init ] --START--
INFO: Run Behavior\BuildLiteBehavior [ RunTime:0.000010s ]
INFO: [ app_init ] --END-- [ RunTime:0.000335s ]
ERR: 无法加载模块:Public

[ 2018-11-06T22:49:56+08:00 ] 127.0.0.1 /Public/css/bootstrap.min.css.map
INFO: [ app_init ] --START--
INFO: Run Behavior\BuildLiteBehavior [ RunTime:0.000008s ]
INFO: [ app_init ] --END-- [ RunTime:0.000260s ]
ERR: 无法加载模块:Public

